2023-05-14 14:05:528 INFO  HomePage :48 - Mouse hover on WomenMenu [[ChromeDriver: chrome on WINDOWS (3291dce9cddcb1db77825aaa5168bf01)] -> xpath: //a[@id='ui-id-4']//span[contains(text(),'Women')]]
2023-05-14 14:05:167 INFO  HomePage :48 - Mouse hover on WomenMenu [[ChromeDriver: chrome on WINDOWS (ac60f7fefce8c220690ae5f86250f5d0)] -> xpath: //a[@id='ui-id-4']//span[contains(text(),'Women')]]
2023-05-14 14:05:481 INFO  HomePage :48 - Mouse hover on WomenMenu [[ChromeDriver: chrome on WINDOWS (ecf1adc604bcd9776a19187d1de81479)] -> xpath: //a[@id='ui-id-4']//span[contains(text(),'Women')]]
2023-05-14 14:05:43 INFO  HomePage :48 - Mouse hover on WomenMenu [[ChromeDriver: chrome on WINDOWS (2a83f06fb31db6e0bab4a36415213966)] -> xpath: //a[@id='ui-id-4']//span[contains(text(),'Women')]]
2023-05-14 14:05:320 INFO  HomePage :48 - Mouse hover on WomenMenu [[ChromeDriver: chrome on WINDOWS (413588115dcfbdc3c928cd2553c6ba18)] -> xpath: //a[@id='ui-id-4']//span[contains(text(),'Women')]]
2023-05-14 14:05:902 INFO  HomePage :48 - Mouse hover on WomenMenu [[ChromeDriver: chrome on WINDOWS (4426d86402721e2de830a6327eb00d70)] -> xpath: //a[@id='ui-id-4']//span[contains(text(),'Women')]]
2023-05-14 14:05:806 INFO  HomePage :48 - Mouse hover on WomenMenu [[ChromeDriver: chrome on WINDOWS (c2a8ea92b2b4689a20af1843f912240a)] -> xpath: //a[@id='ui-id-4']//span[contains(text(),'Women')]]
2023-05-14 15:05:411 INFO  HomePage :48 - Mouse hover on WomenMenu [[ChromeDriver: chrome on WINDOWS (54f98fc3eed8a67fee382aa8b54e21bc)] -> xpath: //a[@id='ui-id-4']//span[contains(text(),'Women')]]
2023-05-14 15:05:02 INFO  HomePage :47 - Mouse hover on WomenMenu [[ChromeDriver: chrome on WINDOWS (6f2f7925449f58bef1109a7502f403bb)] -> xpath: //a[@id='ui-id-4']//span[contains(text(),'Women')]]
2023-05-14 15:05:364 INFO  HomePage :56 - Mouse hover on Tops [[ChromeDriver: chrome on WINDOWS (6f2f7925449f58bef1109a7502f403bb)] -> xpath: //a[@id='ui-id-9']//span[contains(text(),'Tops')]]
2023-05-14 15:05:411 INFO  HomePage :62 - Click on jackets [[ChromeDriver: chrome on WINDOWS (6f2f7925449f58bef1109a7502f403bb)] -> xpath: //a[@id='ui-id-11']//span[contains(text(),'Jackets')]]
2023-05-14 15:05:379 INFO  Womens_Jackets_Page :80 - Verify products are displayed in ascending order 
2023-05-14 15:05:659 INFO  HomePage :47 - Mouse hover on WomenMenu [[ChromeDriver: chrome on WINDOWS (7336a4a43ae18fa188f5ca7491900f81)] -> xpath: //a[@id='ui-id-4']//span[contains(text(),'Women')]]
2023-05-14 15:05:862 INFO  HomePage :56 - Mouse hover on Tops [[ChromeDriver: chrome on WINDOWS (7336a4a43ae18fa188f5ca7491900f81)] -> xpath: //a[@id='ui-id-9']//span[contains(text(),'Tops')]]
2023-05-14 15:05:923 INFO  HomePage :62 - Click on jackets [[ChromeDriver: chrome on WINDOWS (7336a4a43ae18fa188f5ca7491900f81)] -> xpath: //a[@id='ui-id-11']//span[contains(text(),'Jackets')]]
2023-05-14 15:05:102 INFO  Womens_Jackets_Page :80 - Verify products are displayed in ascending order 
2023-05-14 15:05:09 INFO  HomePage :47 - Mouse hover on WomenMenu [[ChromeDriver: chrome on WINDOWS (68c1d4b58a3975b4890c9945d9399ff8)] -> xpath: //a[@id='ui-id-4']//span[contains(text(),'Women')]]
2023-05-14 15:05:353 INFO  HomePage :56 - Mouse hover on Tops [[ChromeDriver: chrome on WINDOWS (68c1d4b58a3975b4890c9945d9399ff8)] -> xpath: //a[@id='ui-id-9']//span[contains(text(),'Tops')]]
2023-05-14 15:05:42 INFO  HomePage :62 - Click on jackets [[ChromeDriver: chrome on WINDOWS (68c1d4b58a3975b4890c9945d9399ff8)] -> xpath: //a[@id='ui-id-11']//span[contains(text(),'Jackets')]]
2023-05-14 15:05:888 INFO  Womens_Jackets_Page :80 - Verify products are displayed in ascending order 
2023-05-14 15:05:779 INFO  HomePage :47 - Mouse hover on WomenMenu [[ChromeDriver: chrome on WINDOWS (87b7d236164f8191f4fe1004ccb62db5)] -> xpath: //a[@id='ui-id-4']//span[contains(text(),'Women')]]
2023-05-14 15:05:996 INFO  HomePage :56 - Mouse hover on Tops [[ChromeDriver: chrome on WINDOWS (87b7d236164f8191f4fe1004ccb62db5)] -> xpath: //a[@id='ui-id-9']//span[contains(text(),'Tops')]]
2023-05-14 15:05:573 INFO  HomePage :62 - Click on jackets [[ChromeDriver: chrome on WINDOWS (87b7d236164f8191f4fe1004ccb62db5)] -> xpath: //a[@id='ui-id-11']//span[contains(text(),'Jackets')]]
2023-05-14 15:05:11 INFO  Womens_Jackets_Page :80 - Verify products are displayed in ascending order 
2023-05-14 15:05:970 INFO  HomePage :47 - Mouse hover on WomenMenu [[ChromeDriver: chrome on WINDOWS (a7eddd6ae5011866d26f2cf2ae9147e3)] -> xpath: //a[@id='ui-id-4']//span[contains(text(),'Women')]]
2023-05-14 15:05:259 INFO  HomePage :56 - Mouse hover on Tops [[ChromeDriver: chrome on WINDOWS (a7eddd6ae5011866d26f2cf2ae9147e3)] -> xpath: //a[@id='ui-id-9']//span[contains(text(),'Tops')]]
2023-05-14 15:05:266 INFO  HomePage :62 - Click on jackets [[ChromeDriver: chrome on WINDOWS (a7eddd6ae5011866d26f2cf2ae9147e3)] -> xpath: //a[@id='ui-id-11']//span[contains(text(),'Jackets')]]
2023-05-14 15:05:879 INFO  HomePage :47 - Mouse hover on WomenMenu [[ChromeDriver: chrome on WINDOWS (234a20fc08da83d022b9750e9a247eab)] -> xpath: //a[@id='ui-id-4']//span[contains(text(),'Women')]]
2023-05-14 15:05:351 INFO  HomePage :56 - Mouse hover on Tops [[ChromeDriver: chrome on WINDOWS (234a20fc08da83d022b9750e9a247eab)] -> xpath: //a[@id='ui-id-9']//span[contains(text(),'Tops')]]
2023-05-14 15:05:527 INFO  HomePage :62 - Click on jackets [[ChromeDriver: chrome on WINDOWS (234a20fc08da83d022b9750e9a247eab)] -> xpath: //a[@id='ui-id-11']//span[contains(text(),'Jackets')]]
2023-05-14 15:05:985 INFO  HomePage :47 - Mouse hover on WomenMenu [[ChromeDriver: chrome on WINDOWS (15da730c685aae29bfcbec03ba3f2448)] -> xpath: //a[@id='ui-id-4']//span[contains(text(),'Women')]]
2023-05-14 15:05:537 INFO  HomePage :56 - Mouse hover on Tops [[ChromeDriver: chrome on WINDOWS (15da730c685aae29bfcbec03ba3f2448)] -> xpath: //a[@id='ui-id-9']//span[contains(text(),'Tops')]]
2023-05-14 15:05:132 INFO  HomePage :62 - Click on jackets [[ChromeDriver: chrome on WINDOWS (15da730c685aae29bfcbec03ba3f2448)] -> xpath: //a[@id='ui-id-11']//span[contains(text(),'Jackets')]]
2023-05-14 15:05:116 INFO  HomePage :47 - Mouse hover on WomenMenu [[ChromeDriver: chrome on WINDOWS (57688225154c722e5156e223c362bc51)] -> xpath: //a[@id='ui-id-4']//span[contains(text(),'Women')]]
2023-05-14 15:05:809 INFO  HomePage :56 - Mouse hover on Tops [[ChromeDriver: chrome on WINDOWS (57688225154c722e5156e223c362bc51)] -> xpath: //a[@id='ui-id-9']//span[contains(text(),'Tops')]]
2023-05-14 15:05:113 INFO  HomePage :62 - Click on jackets [[ChromeDriver: chrome on WINDOWS (57688225154c722e5156e223c362bc51)] -> xpath: //a[@id='ui-id-11']//span[contains(text(),'Jackets')]]
2023-05-14 16:05:181 INFO  HomePage :47 - Mouse hover on WomenMenu [[ChromeDriver: chrome on WINDOWS (1ba507948046b60db4700b8716f46e35)] -> xpath: //a[@id='ui-id-4']//span[contains(text(),'Women')]]
2023-05-14 16:05:341 INFO  HomePage :56 - Mouse hover on Tops [[ChromeDriver: chrome on WINDOWS (1ba507948046b60db4700b8716f46e35)] -> xpath: //a[@id='ui-id-9']//span[contains(text(),'Tops')]]
2023-05-14 16:05:898 INFO  HomePage :62 - Click on jackets [[ChromeDriver: chrome on WINDOWS (1ba507948046b60db4700b8716f46e35)] -> xpath: //a[@id='ui-id-11']//span[contains(text(),'Jackets')]]
2023-05-14 16:05:530 INFO  HomePage :47 - Mouse hover on WomenMenu [[ChromeDriver: chrome on WINDOWS (5c2a4293a1f467e12767ba4309f02f0a)] -> xpath: //a[@id='ui-id-4']//span[contains(text(),'Women')]]
2023-05-14 16:05:839 INFO  HomePage :56 - Mouse hover on Tops [[ChromeDriver: chrome on WINDOWS (5c2a4293a1f467e12767ba4309f02f0a)] -> xpath: //a[@id='ui-id-9']//span[contains(text(),'Tops')]]
2023-05-14 16:05:236 INFO  HomePage :62 - Click on jackets [[ChromeDriver: chrome on WINDOWS (5c2a4293a1f467e12767ba4309f02f0a)] -> xpath: //a[@id='ui-id-11']//span[contains(text(),'Jackets')]]
2023-05-14 16:05:153 INFO  Womens_Jackets_Page :110 - Verify products are displayed in Low To High Order 
2023-05-14 16:05:311 INFO  HomePage :69 - Mouse hover on Men menu [[ChromeDriver: chrome on WINDOWS (83ac93d0e0386e24b0b56597902d828f)] -> xpath: //a[@id='ui-id-5']]
2023-05-14 16:05:486 INFO  HomePage :76 - Mouse hover on Bottom [[ChromeDriver: chrome on WINDOWS (83ac93d0e0386e24b0b56597902d828f)] -> xpath: //a[@id='ui-id-18']//span[contains(text(),'Bottoms')]]
2023-05-14 16:05:162 INFO  HomePage :83 - Click on Pant [[ChromeDriver: chrome on WINDOWS (83ac93d0e0386e24b0b56597902d828f)] -> xpath: //a[@id='ui-id-23']//span[contains(text(),'Pants')]]
2023-05-14 16:05:470 INFO  MenPage :40 - Mouse hover on Cronus Yoga Pant [[ChromeDriver: chrome on WINDOWS (83ac93d0e0386e24b0b56597902d828f)] -> xpath: //a[normalize-space()='Cronus Yoga Pant']]
2023-05-14 16:05:622 INFO  MenPage :47 - Click on size [[ChromeDriver: chrome on WINDOWS (83ac93d0e0386e24b0b56597902d828f)] -> xpath: //div[@class='swatch-opt-880']//div[@id='option-label-size-143-item-175']]
2023-05-14 16:05:751 INFO  MenPage :54 - Click on Color [[ChromeDriver: chrome on WINDOWS (83ac93d0e0386e24b0b56597902d828f)] -> xpath: //div[@class='swatch-opt-880']//div[@id='option-label-color-93-item-49']]
2023-05-14 16:05:864 INFO  MenPage :60 - Click on Add To Cart button [[ChromeDriver: chrome on WINDOWS (83ac93d0e0386e24b0b56597902d828f)] -> xpath: //body[1]/div[1]/main[1]/div[3]/div[1]/div[3]/ol[1]/li[1]/div[1]/div[1]/div[3]/div[1]/div[1]/form[1]/button[1]/span[1]]
2023-05-14 16:05:102 INFO  MenPage :65 - Getting text AddToCart Proxy element for: DefaultElementLocator 'By.xpath: //div[@data-bind='html: $parent.prepareMessageForHtml(message.text)']'
2023-05-14 16:05:560 INFO  HomePage :69 - Mouse hover on Men menu [[ChromeDriver: chrome on WINDOWS (16da836eada11eb3a7f342d513bfd48a)] -> xpath: //a[@id='ui-id-5']]
2023-05-14 16:05:732 INFO  HomePage :76 - Mouse hover on Bottom [[ChromeDriver: chrome on WINDOWS (16da836eada11eb3a7f342d513bfd48a)] -> xpath: //a[@id='ui-id-18']//span[contains(text(),'Bottoms')]]
2023-05-14 16:05:187 INFO  HomePage :83 - Click on Pant [[ChromeDriver: chrome on WINDOWS (16da836eada11eb3a7f342d513bfd48a)] -> xpath: //a[@id='ui-id-23']//span[contains(text(),'Pants')]]
2023-05-14 16:05:782 INFO  MenPage :40 - Mouse hover on Cronus Yoga Pant [[ChromeDriver: chrome on WINDOWS (16da836eada11eb3a7f342d513bfd48a)] -> xpath: //a[normalize-space()='Cronus Yoga Pant']]
2023-05-14 16:05:979 INFO  MenPage :47 - Click on size [[ChromeDriver: chrome on WINDOWS (16da836eada11eb3a7f342d513bfd48a)] -> xpath: //div[@class='swatch-opt-880']//div[@id='option-label-size-143-item-175']]
2023-05-14 16:05:159 INFO  MenPage :54 - Click on Color [[ChromeDriver: chrome on WINDOWS (16da836eada11eb3a7f342d513bfd48a)] -> xpath: //div[@class='swatch-opt-880']//div[@id='option-label-color-93-item-49']]
2023-05-14 16:05:324 INFO  MenPage :60 - Click on Add To Cart button [[ChromeDriver: chrome on WINDOWS (16da836eada11eb3a7f342d513bfd48a)] -> xpath: //body[1]/div[1]/main[1]/div[3]/div[1]/div[3]/ol[1]/li[1]/div[1]/div[1]/div[3]/div[1]/div[1]/form[1]/button[1]/span[1]]
2023-05-14 16:05:462 INFO  MenPage :65 - Getting text AddToCart Proxy element for: DefaultElementLocator 'By.xpath: //div[@data-bind='html: $parent.prepareMessageForHtml(message.text)']'
2023-05-14 16:05:991 INFO  HomePage :69 - Mouse hover on Men menu [[ChromeDriver: chrome on WINDOWS (43b313030b6a39588a9f0a0474107186)] -> xpath: //a[@id='ui-id-5']]
2023-05-14 16:05:346 INFO  HomePage :76 - Mouse hover on Bottom [[ChromeDriver: chrome on WINDOWS (43b313030b6a39588a9f0a0474107186)] -> xpath: //a[@id='ui-id-18']//span[contains(text(),'Bottoms')]]
2023-05-14 16:05:623 INFO  HomePage :83 - Click on Pant [[ChromeDriver: chrome on WINDOWS (43b313030b6a39588a9f0a0474107186)] -> xpath: //a[@id='ui-id-23']//span[contains(text(),'Pants')]]
2023-05-14 16:05:153 INFO  MenPage :40 - Mouse hover on Cronus Yoga Pant [[ChromeDriver: chrome on WINDOWS (43b313030b6a39588a9f0a0474107186)] -> xpath: //a[normalize-space()='Cronus Yoga Pant']]
2023-05-14 16:05:415 INFO  MenPage :47 - Click on size [[ChromeDriver: chrome on WINDOWS (43b313030b6a39588a9f0a0474107186)] -> xpath: //div[@class='swatch-opt-880']//div[@id='option-label-size-143-item-175']]
2023-05-14 16:05:663 INFO  MenPage :54 - Click on Color [[ChromeDriver: chrome on WINDOWS (43b313030b6a39588a9f0a0474107186)] -> xpath: //div[@class='swatch-opt-880']//div[@id='option-label-color-93-item-49']]
2023-05-14 16:05:896 INFO  MenPage :60 - Click on Add To Cart button [[ChromeDriver: chrome on WINDOWS (43b313030b6a39588a9f0a0474107186)] -> xpath: //body[1]/div[1]/main[1]/div[3]/div[1]/div[3]/ol[1]/li[1]/div[1]/div[1]/div[3]/div[1]/div[1]/form[1]/button[1]/span[1]]
2023-05-14 16:05:403 INFO  MenPage :65 - Getting text AddToCart [[ChromeDriver: chrome on WINDOWS (43b313030b6a39588a9f0a0474107186)] -> xpath: //div[@data-bind='html: $parent.prepareMessageForHtml(message.text)']]
2023-05-14 16:05:706 INFO  MenPage :73 - Click on shopping cart [[ChromeDriver: chrome on WINDOWS (43b313030b6a39588a9f0a0474107186)] -> xpath: //a[normalize-space()='shopping cart']]
2023-05-14 16:05:761 INFO  HomePage :68 - Get message Shopping Cart[[ChromeDriver: chrome on WINDOWS (43b313030b6a39588a9f0a0474107186)] -> xpath: //span[@class='base']]
2023-05-14 16:05:499 INFO  HomePage :69 - Mouse hover on Men menu [[ChromeDriver: chrome on WINDOWS (48db100a58daa0088889c96ec58de112)] -> xpath: //a[@id='ui-id-5']]
2023-05-14 16:05:790 INFO  HomePage :76 - Mouse hover on Bottom [[ChromeDriver: chrome on WINDOWS (48db100a58daa0088889c96ec58de112)] -> xpath: //a[@id='ui-id-18']//span[contains(text(),'Bottoms')]]
2023-05-14 16:05:351 INFO  HomePage :83 - Click on Pant [[ChromeDriver: chrome on WINDOWS (48db100a58daa0088889c96ec58de112)] -> xpath: //a[@id='ui-id-23']//span[contains(text(),'Pants')]]
2023-05-14 16:05:335 INFO  MenPage :40 - Mouse hover on Cronus Yoga Pant [[ChromeDriver: chrome on WINDOWS (48db100a58daa0088889c96ec58de112)] -> xpath: //a[normalize-space()='Cronus Yoga Pant']]
2023-05-14 16:05:830 INFO  MenPage :47 - Click on size [[ChromeDriver: chrome on WINDOWS (48db100a58daa0088889c96ec58de112)] -> xpath: //div[@class='swatch-opt-880']//div[@id='option-label-size-143-item-175']]
2023-05-14 16:05:196 INFO  MenPage :54 - Click on Color [[ChromeDriver: chrome on WINDOWS (48db100a58daa0088889c96ec58de112)] -> xpath: //div[@class='swatch-opt-880']//div[@id='option-label-color-93-item-49']]
2023-05-14 16:05:675 INFO  MenPage :60 - Click on Add To Cart button [[ChromeDriver: chrome on WINDOWS (48db100a58daa0088889c96ec58de112)] -> xpath: //body[1]/div[1]/main[1]/div[3]/div[1]/div[3]/ol[1]/li[1]/div[1]/div[1]/div[3]/div[1]/div[1]/form[1]/button[1]/span[1]]
2023-05-14 16:05:206 INFO  MenPage :65 - Getting text AddToCart [[ChromeDriver: chrome on WINDOWS (48db100a58daa0088889c96ec58de112)] -> xpath: //div[@data-bind='html: $parent.prepareMessageForHtml(message.text)']]
2023-05-14 16:05:782 INFO  MenPage :73 - Click on shopping cart [[ChromeDriver: chrome on WINDOWS (48db100a58daa0088889c96ec58de112)] -> xpath: //a[normalize-space()='shopping cart']]
2023-05-14 16:05:304 INFO  HomePage :68 - Get message Shopping Cart[[ChromeDriver: chrome on WINDOWS (48db100a58daa0088889c96ec58de112)] -> xpath: //span[@class='base']]
2023-05-14 16:05:700 INFO  HomePage :73 - Get message CronusYogaPant text [[ChromeDriver: chrome on WINDOWS (48db100a58daa0088889c96ec58de112)] -> xpath: //td[@class='col item']//a[normalize-space()='Cronus Yoga Pant']]
2023-05-14 16:05:856 INFO  HomePage :78 - Get text size [[ChromeDriver: chrome on WINDOWS (48db100a58daa0088889c96ec58de112)] -> xpath: //dd[contains(text(),'32')]]
2023-05-14 16:05:940 INFO  HomePage :83 - Get text color [[ChromeDriver: chrome on WINDOWS (48db100a58daa0088889c96ec58de112)] -> xpath: //dd[contains(text(),'Black')]]
2023-05-14 17:05:852 INFO  HomePage :69 - Mouse hover on Men menu [[ChromeDriver: chrome on WINDOWS (1b6f020a9f5e7a610d399cb2701d5351)] -> xpath: //a[@id='ui-id-5']]
2023-05-14 17:05:158 INFO  HomePage :76 - Mouse hover on Bottom [[ChromeDriver: chrome on WINDOWS (1b6f020a9f5e7a610d399cb2701d5351)] -> xpath: //a[@id='ui-id-18']//span[contains(text(),'Bottoms')]]
2023-05-14 17:05:539 INFO  HomePage :83 - Click on Pant [[ChromeDriver: chrome on WINDOWS (1b6f020a9f5e7a610d399cb2701d5351)] -> xpath: //a[@id='ui-id-23']//span[contains(text(),'Pants')]]
2023-05-14 17:05:350 INFO  MenPage :40 - Mouse hover on Cronus Yoga Pant [[ChromeDriver: chrome on WINDOWS (1b6f020a9f5e7a610d399cb2701d5351)] -> xpath: //a[normalize-space()='Cronus Yoga Pant']]
2023-05-14 17:05:633 INFO  MenPage :47 - Click on size [[ChromeDriver: chrome on WINDOWS (1b6f020a9f5e7a610d399cb2701d5351)] -> xpath: //div[@class='swatch-opt-880']//div[@id='option-label-size-143-item-175']]
2023-05-14 17:05:935 INFO  MenPage :54 - Click on Color [[ChromeDriver: chrome on WINDOWS (1b6f020a9f5e7a610d399cb2701d5351)] -> xpath: //div[@class='swatch-opt-880']//div[@id='option-label-color-93-item-49']]
2023-05-14 17:05:111 INFO  MenPage :60 - Click on Add To Cart button [[ChromeDriver: chrome on WINDOWS (1b6f020a9f5e7a610d399cb2701d5351)] -> xpath: //body[1]/div[1]/main[1]/div[3]/div[1]/div[3]/ol[1]/li[1]/div[1]/div[1]/div[3]/div[1]/div[1]/form[1]/button[1]/span[1]]
2023-05-14 17:05:485 INFO  MenPage :65 - Getting text AddToCart Proxy element for: DefaultElementLocator 'By.xpath: //div[@data-bind='html: $parent.prepareMessageForHtml(message.text)']'
2023-05-14 17:05:384 INFO  HomePage :69 - Mouse hover on Men menu [[ChromeDriver: chrome on WINDOWS (baeee503bc2cbdb072f92cfc57c61e0b)] -> xpath: //a[@id='ui-id-5']]
2023-05-14 17:05:692 INFO  HomePage :76 - Mouse hover on Bottom [[ChromeDriver: chrome on WINDOWS (baeee503bc2cbdb072f92cfc57c61e0b)] -> xpath: //a[@id='ui-id-18']//span[contains(text(),'Bottoms')]]
2023-05-14 17:05:426 INFO  HomePage :83 - Click on Pant [[ChromeDriver: chrome on WINDOWS (baeee503bc2cbdb072f92cfc57c61e0b)] -> xpath: //a[@id='ui-id-23']//span[contains(text(),'Pants')]]
2023-05-14 17:05:173 INFO  MenPage :40 - Mouse hover on Cronus Yoga Pant [[ChromeDriver: chrome on WINDOWS (baeee503bc2cbdb072f92cfc57c61e0b)] -> xpath: //a[normalize-space()='Cronus Yoga Pant']]
2023-05-14 17:05:490 INFO  MenPage :47 - Click on size [[ChromeDriver: chrome on WINDOWS (baeee503bc2cbdb072f92cfc57c61e0b)] -> xpath: //div[@class='swatch-opt-880']//div[@id='option-label-size-143-item-175']]
2023-05-14 17:05:732 INFO  MenPage :54 - Click on Color [[ChromeDriver: chrome on WINDOWS (baeee503bc2cbdb072f92cfc57c61e0b)] -> xpath: //div[@class='swatch-opt-880']//div[@id='option-label-color-93-item-49']]
2023-05-14 17:05:931 INFO  MenPage :60 - Click on Add To Cart button [[ChromeDriver: chrome on WINDOWS (baeee503bc2cbdb072f92cfc57c61e0b)] -> xpath: //body[1]/div[1]/main[1]/div[3]/div[1]/div[3]/ol[1]/li[1]/div[1]/div[1]/div[3]/div[1]/div[1]/form[1]/button[1]/span[1]]
2023-05-14 17:05:478 INFO  MenPage :65 - Getting text AddToCart [[ChromeDriver: chrome on WINDOWS (baeee503bc2cbdb072f92cfc57c61e0b)] -> xpath: //div[@data-bind='html: $parent.prepareMessageForHtml(message.text)']]
2023-05-14 17:05:181 INFO  MenPage :73 - Click on shopping cart [[ChromeDriver: chrome on WINDOWS (baeee503bc2cbdb072f92cfc57c61e0b)] -> xpath: //a[normalize-space()='shopping cart']]
2023-05-14 17:05:421 INFO  HomePage :68 - Get message Shopping Cart[[ChromeDriver: chrome on WINDOWS (baeee503bc2cbdb072f92cfc57c61e0b)] -> xpath: //span[@class='base']]
2023-05-14 17:05:924 INFO  HomePage :73 - Get message CronusYogaPant text [[ChromeDriver: chrome on WINDOWS (baeee503bc2cbdb072f92cfc57c61e0b)] -> xpath: //td[@class='col item']//a[normalize-space()='Cronus Yoga Pant']]
2023-05-14 17:05:01 INFO  HomePage :78 - Get text size [[ChromeDriver: chrome on WINDOWS (baeee503bc2cbdb072f92cfc57c61e0b)] -> xpath: //dd[contains(text(),'32')]]
2023-05-14 17:05:109 INFO  HomePage :83 - Get text color [[ChromeDriver: chrome on WINDOWS (baeee503bc2cbdb072f92cfc57c61e0b)] -> xpath: //dd[contains(text(),'Black')]]
2023-05-14 18:05:529 INFO  HomePage :90 - Mouse hover on GearMenu[[ChromeDriver: chrome on WINDOWS (6c0077d85aa6c5d773020834bf96ec3e)] -> xpath: //a[@id='ui-id-6']//span[@class='ui-menu-icon ui-icon ui-icon-carat-1-e']]
2023-05-14 18:05:264 INFO  HomePage :96 - Click on bags [[ChromeDriver: chrome on WINDOWS (6c0077d85aa6c5d773020834bf96ec3e)] -> xpath: //span[normalize-space()='Bags']]
2023-05-14 18:05:157 INFO  GearPage :21 - Click on overnightDuffle product 
2023-05-14 18:05:65 INFO  OverNightDuffle :48 - Update quantity To 3
2023-05-14 18:05:266 INFO  OverNightDuffle :55 - Click On Add To Cart [[ChromeDriver: chrome on WINDOWS (6c0077d85aa6c5d773020834bf96ec3e)] -> xpath: //button[@id='product-addtocart-button']]
2023-05-14 18:05:689 INFO  OverNightDuffle :60 - Verify Text Add To Cart Text [[ChromeDriver: chrome on WINDOWS (6c0077d85aa6c5d773020834bf96ec3e)] -> xpath: //div[@data-bind='html: $parent.prepareMessageForHtml(message.text)']]
2023-05-14 18:05:412 INFO  OverNightDuffle :67 - Click on Shopping Cart [[ChromeDriver: chrome on WINDOWS (6c0077d85aa6c5d773020834bf96ec3e)] -> xpath: //a[normalize-space()='shopping cart']]
2023-05-14 18:05:847 INFO  HomePage :89 - Get text overnight Duffle  [[ChromeDriver: chrome on WINDOWS (6c0077d85aa6c5d773020834bf96ec3e)] -> xpath: //td[@class='col item']//a[normalize-space()='Overnight Duffle']]
2023-05-14 18:05:10 INFO  HomePage :90 - Mouse hover on GearMenu[[ChromeDriver: chrome on WINDOWS (9498a39762752215e1d7903f2fc1adf4)] -> xpath: //a[@id='ui-id-6']//span[@class='ui-menu-icon ui-icon ui-icon-carat-1-e']]
2023-05-14 18:05:683 INFO  HomePage :96 - Click on bags [[ChromeDriver: chrome on WINDOWS (9498a39762752215e1d7903f2fc1adf4)] -> xpath: //span[normalize-space()='Bags']]
2023-05-14 18:05:627 INFO  GearPage :21 - Click on overnightDuffle product 
2023-05-14 18:05:856 INFO  OverNightDuffle :48 - Update quantity To 3
2023-05-14 18:05:182 INFO  OverNightDuffle :55 - Click On Add To Cart [[ChromeDriver: chrome on WINDOWS (9498a39762752215e1d7903f2fc1adf4)] -> xpath: //button[@id='product-addtocart-button']]
2023-05-14 18:05:695 INFO  OverNightDuffle :60 - Verify Text Add To Cart Text [[ChromeDriver: chrome on WINDOWS (9498a39762752215e1d7903f2fc1adf4)] -> xpath: //div[@data-bind='html: $parent.prepareMessageForHtml(message.text)']]
2023-05-14 18:05:70 INFO  OverNightDuffle :67 - Click on Shopping Cart [[ChromeDriver: chrome on WINDOWS (9498a39762752215e1d7903f2fc1adf4)] -> xpath: //a[normalize-space()='shopping cart']]
2023-05-14 18:05:610 INFO  HomePage :89 - Get text overnight Duffle  [[ChromeDriver: chrome on WINDOWS (9498a39762752215e1d7903f2fc1adf4)] -> xpath: //td[@class='col item']//a[normalize-space()='Overnight Duffle']]
2023-05-14 18:05:811 INFO  HomePage :95 - Get Qty [[ChromeDriver: chrome on WINDOWS (9498a39762752215e1d7903f2fc1adf4)] -> css selector: .input-text.qty]
2023-05-14 18:05:318 INFO  HomePage :102 - Get Product price [[ChromeDriver: chrome on WINDOWS (9498a39762752215e1d7903f2fc1adf4)] -> xpath: //span[@class='cart-price']//span[@class='price'][normalize-space()='$135.00']]
2023-05-14 18:05:482 INFO  HomePage :109 - Change quantity of overnight duffle  [[ChromeDriver: chrome on WINDOWS (9498a39762752215e1d7903f2fc1adf4)] -> css selector: .input-text.qty]
2023-05-14 18:05:829 INFO  HomePage :114 - Click on shopping cart [[ChromeDriver: chrome on WINDOWS (9498a39762752215e1d7903f2fc1adf4)] -> xpath: //span[normalize-space()='Update Shopping Cart']]
2023-05-14 18:05:208 INFO  HomePage :102 - Get Product price [[ChromeDriver: chrome on WINDOWS (9498a39762752215e1d7903f2fc1adf4)] -> xpath: //span[@class='cart-price']//span[@class='price'][normalize-space()='$135.00']]
2023-05-14 18:05:279 INFO  HomePage :90 - Mouse hover on GearMenu[[ChromeDriver: chrome on WINDOWS (7bc8509ba069d1a0fee9b666a9b20ea4)] -> xpath: //a[@id='ui-id-6']//span[@class='ui-menu-icon ui-icon ui-icon-carat-1-e']]
2023-05-14 18:05:483 INFO  HomePage :96 - Click on bags [[ChromeDriver: chrome on WINDOWS (7bc8509ba069d1a0fee9b666a9b20ea4)] -> xpath: //span[normalize-space()='Bags']]
2023-05-14 18:05:88 INFO  GearPage :21 - Click on overnightDuffle product 
2023-05-14 18:05:557 INFO  OverNightDuffle :48 - Update quantity To 3
2023-05-14 18:05:794 INFO  OverNightDuffle :55 - Click On Add To Cart [[ChromeDriver: chrome on WINDOWS (7bc8509ba069d1a0fee9b666a9b20ea4)] -> xpath: //button[@id='product-addtocart-button']]
2023-05-14 18:05:246 INFO  OverNightDuffle :60 - Verify Text Add To Cart Text [[ChromeDriver: chrome on WINDOWS (7bc8509ba069d1a0fee9b666a9b20ea4)] -> xpath: //div[@data-bind='html: $parent.prepareMessageForHtml(message.text)']]
2023-05-14 18:05:400 INFO  OverNightDuffle :67 - Click on Shopping Cart [[ChromeDriver: chrome on WINDOWS (7bc8509ba069d1a0fee9b666a9b20ea4)] -> xpath: //a[normalize-space()='shopping cart']]
2023-05-14 18:05:644 INFO  HomePage :89 - Get text overnight Duffle  [[ChromeDriver: chrome on WINDOWS (7bc8509ba069d1a0fee9b666a9b20ea4)] -> xpath: //td[@class='col item']//a[normalize-space()='Overnight Duffle']]
2023-05-14 18:05:106 INFO  HomePage :95 - Get Qty [[ChromeDriver: chrome on WINDOWS (7bc8509ba069d1a0fee9b666a9b20ea4)] -> css selector: .input-text.qty]
2023-05-14 18:05:465 INFO  HomePage :119 - Get Update Product Price Proxy element for: DefaultElementLocator 'By.xpath: //span[@class='cart-price']//span[@class='price'][normalize-space()='$225.00']'
2023-05-14 18:05:944 INFO  HomePage :90 - Mouse hover on GearMenu[[ChromeDriver: chrome on WINDOWS (ddf188970f20eba1e6f0be620e7b285f)] -> xpath: //a[@id='ui-id-6']//span[@class='ui-menu-icon ui-icon ui-icon-carat-1-e']]
2023-05-14 18:05:357 INFO  HomePage :96 - Click on bags [[ChromeDriver: chrome on WINDOWS (ddf188970f20eba1e6f0be620e7b285f)] -> xpath: //span[normalize-space()='Bags']]
2023-05-14 18:05:456 INFO  GearPage :21 - Click on overnightDuffle product 
2023-05-14 18:05:47 INFO  OverNightDuffle :48 - Update quantity To 3
2023-05-14 18:05:349 INFO  OverNightDuffle :55 - Click On Add To Cart [[ChromeDriver: chrome on WINDOWS (ddf188970f20eba1e6f0be620e7b285f)] -> xpath: //button[@id='product-addtocart-button']]
2023-05-14 18:05:249 INFO  OverNightDuffle :60 - Verify Text Add To Cart Text [[ChromeDriver: chrome on WINDOWS (ddf188970f20eba1e6f0be620e7b285f)] -> xpath: //div[@data-bind='html: $parent.prepareMessageForHtml(message.text)']]
2023-05-14 18:05:492 INFO  OverNightDuffle :67 - Click on Shopping Cart [[ChromeDriver: chrome on WINDOWS (ddf188970f20eba1e6f0be620e7b285f)] -> xpath: //a[normalize-space()='shopping cart']]
2023-05-14 18:05:722 INFO  HomePage :89 - Get text overnight Duffle  [[ChromeDriver: chrome on WINDOWS (ddf188970f20eba1e6f0be620e7b285f)] -> xpath: //td[@class='col item']//a[normalize-space()='Overnight Duffle']]
2023-05-14 18:05:255 INFO  HomePage :95 - Get Qty [[ChromeDriver: chrome on WINDOWS (ddf188970f20eba1e6f0be620e7b285f)] -> css selector: .input-text.qty]
2023-05-14 18:05:531 INFO  HomePage :102 - Get Product price [[ChromeDriver: chrome on WINDOWS (ddf188970f20eba1e6f0be620e7b285f)] -> xpath: //span[@class='cart-price']//span[@class='price'][normalize-space()='$135.00']]
2023-05-14 18:05:651 INFO  HomePage :109 - Change quantity of overnight duffle  [[ChromeDriver: chrome on WINDOWS (ddf188970f20eba1e6f0be620e7b285f)] -> css selector: .input-text.qty]
2023-05-14 18:05:899 INFO  HomePage :114 - Click on shopping cart [[ChromeDriver: chrome on WINDOWS (ddf188970f20eba1e6f0be620e7b285f)] -> xpath: //span[normalize-space()='Update Shopping Cart']]
2023-05-14 18:05:373 INFO  HomePage :119 - Get Update Product Price [[ChromeDriver: chrome on WINDOWS (ddf188970f20eba1e6f0be620e7b285f)] -> xpath: //span[@class='cart-price']//span[@class='price'][normalize-space()='$225.00']]
2023-05-14 18:05:825 INFO  HomePage :90 - Mouse hover on GearMenu[[ChromeDriver: chrome on WINDOWS (cf0d695d1227c7f7bbff0627b0082f1c)] -> xpath: //a[@id='ui-id-6']//span[@class='ui-menu-icon ui-icon ui-icon-carat-1-e']]
2023-05-14 18:05:922 INFO  HomePage :96 - Click on bags [[ChromeDriver: chrome on WINDOWS (cf0d695d1227c7f7bbff0627b0082f1c)] -> xpath: //span[normalize-space()='Bags']]
2023-05-14 18:05:351 INFO  GearPage :21 - Click on overnightDuffle product 
2023-05-14 18:05:839 INFO  OverNightDuffle :48 - Update quantity To 3
2023-05-14 18:05:29 INFO  OverNightDuffle :55 - Click On Add To Cart [[ChromeDriver: chrome on WINDOWS (cf0d695d1227c7f7bbff0627b0082f1c)] -> xpath: //button[@id='product-addtocart-button']]
2023-05-14 18:05:988 INFO  OverNightDuffle :60 - Verify Text Add To Cart Text [[ChromeDriver: chrome on WINDOWS (cf0d695d1227c7f7bbff0627b0082f1c)] -> xpath: //div[@data-bind='html: $parent.prepareMessageForHtml(message.text)']]
2023-05-14 18:05:141 INFO  OverNightDuffle :67 - Click on Shopping Cart [[ChromeDriver: chrome on WINDOWS (cf0d695d1227c7f7bbff0627b0082f1c)] -> xpath: //a[normalize-space()='shopping cart']]
2023-05-14 18:05:278 INFO  HomePage :89 - Get text overnight Duffle  [[ChromeDriver: chrome on WINDOWS (cf0d695d1227c7f7bbff0627b0082f1c)] -> xpath: //td[@class='col item']//a[normalize-space()='Overnight Duffle']]
2023-05-14 18:05:774 INFO  HomePage :95 - Get Qty [[ChromeDriver: chrome on WINDOWS (cf0d695d1227c7f7bbff0627b0082f1c)] -> css selector: .input-text.qty]
2023-05-14 18:05:109 INFO  HomePage :102 - Get Product price [[ChromeDriver: chrome on WINDOWS (cf0d695d1227c7f7bbff0627b0082f1c)] -> xpath: //span[@class='cart-price']//span[@class='price'][normalize-space()='$135.00']]
2023-05-14 18:05:460 INFO  HomePage :109 - Change quantity of overnight duffle  [[ChromeDriver: chrome on WINDOWS (cf0d695d1227c7f7bbff0627b0082f1c)] -> css selector: .input-text.qty]
2023-05-14 18:05:634 INFO  HomePage :114 - Click on shopping cart [[ChromeDriver: chrome on WINDOWS (cf0d695d1227c7f7bbff0627b0082f1c)] -> xpath: //span[normalize-space()='Update Shopping Cart']]
2023-05-14 18:05:422 INFO  HomePage :119 - Get Update Product Price [[ChromeDriver: chrome on WINDOWS (cf0d695d1227c7f7bbff0627b0082f1c)] -> xpath: //span[@class='cart-price']//span[@class='price'][normalize-space()='$225.00']]
2023-05-14 18:05:196 INFO  HomePage :69 - Mouse hover on Men menu [[ChromeDriver: chrome on WINDOWS (0a27eae7c58949369f74cc0c4770cfad)] -> xpath: //a[@id='ui-id-5']]
2023-05-14 18:05:370 INFO  HomePage :76 - Mouse hover on Bottom [[ChromeDriver: chrome on WINDOWS (0a27eae7c58949369f74cc0c4770cfad)] -> xpath: //a[@id='ui-id-18']//span[contains(text(),'Bottoms')]]
2023-05-14 18:05:491 INFO  HomePage :83 - Click on Pant [[ChromeDriver: chrome on WINDOWS (0a27eae7c58949369f74cc0c4770cfad)] -> xpath: //a[@id='ui-id-23']//span[contains(text(),'Pants')]]
2023-05-14 18:05:121 INFO  MenPage :40 - Mouse hover on Cronus Yoga Pant [[ChromeDriver: chrome on WINDOWS (0a27eae7c58949369f74cc0c4770cfad)] -> xpath: //a[normalize-space()='Cronus Yoga Pant']]
2023-05-14 18:05:385 INFO  MenPage :47 - Click on size [[ChromeDriver: chrome on WINDOWS (0a27eae7c58949369f74cc0c4770cfad)] -> xpath: //div[@class='swatch-opt-880']//div[@id='option-label-size-143-item-175']]
2023-05-14 18:05:505 INFO  MenPage :54 - Click on Color [[ChromeDriver: chrome on WINDOWS (0a27eae7c58949369f74cc0c4770cfad)] -> xpath: //div[@class='swatch-opt-880']//div[@id='option-label-color-93-item-49']]
2023-05-14 18:05:685 INFO  MenPage :60 - Click on Add To Cart button [[ChromeDriver: chrome on WINDOWS (0a27eae7c58949369f74cc0c4770cfad)] -> xpath: //body[1]/div[1]/main[1]/div[3]/div[1]/div[3]/ol[1]/li[1]/div[1]/div[1]/div[3]/div[1]/div[1]/form[1]/button[1]/span[1]]
2023-05-14 18:05:445 INFO  MenPage :65 - Getting text AddToCart [[ChromeDriver: chrome on WINDOWS (0a27eae7c58949369f74cc0c4770cfad)] -> xpath: //div[@data-bind='html: $parent.prepareMessageForHtml(message.text)']]
2023-05-14 18:05:96 INFO  MenPage :73 - Click on shopping cart [[ChromeDriver: chrome on WINDOWS (0a27eae7c58949369f74cc0c4770cfad)] -> xpath: //a[normalize-space()='shopping cart']]
2023-05-14 18:05:237 INFO  HomePage :68 - Get message Shopping Cart[[ChromeDriver: chrome on WINDOWS (0a27eae7c58949369f74cc0c4770cfad)] -> xpath: //span[@class='base']]
2023-05-14 18:05:289 INFO  HomePage :73 - Get message CronusYogaPant text [[ChromeDriver: chrome on WINDOWS (0a27eae7c58949369f74cc0c4770cfad)] -> xpath: //td[@class='col item']//a[normalize-space()='Cronus Yoga Pant']]
2023-05-14 18:05:394 INFO  HomePage :78 - Get text size [[ChromeDriver: chrome on WINDOWS (0a27eae7c58949369f74cc0c4770cfad)] -> xpath: //dd[contains(text(),'32')]]
2023-05-14 18:05:452 INFO  HomePage :83 - Get text color [[ChromeDriver: chrome on WINDOWS (0a27eae7c58949369f74cc0c4770cfad)] -> xpath: //dd[contains(text(),'Black')]]
2023-05-14 18:05:771 INFO  HomePage :47 - Mouse hover on WomenMenu [[ChromeDriver: chrome on WINDOWS (ed00785a27f69c614c032ef7b13419f7)] -> xpath: //a[@id='ui-id-4']//span[contains(text(),'Women')]]
2023-05-14 18:05:991 INFO  HomePage :56 - Mouse hover on Tops [[ChromeDriver: chrome on WINDOWS (ed00785a27f69c614c032ef7b13419f7)] -> xpath: //a[@id='ui-id-9']//span[contains(text(),'Tops')]]
2023-05-14 18:05:395 INFO  HomePage :62 - Click on jackets [[ChromeDriver: chrome on WINDOWS (ed00785a27f69c614c032ef7b13419f7)] -> xpath: //a[@id='ui-id-11']//span[contains(text(),'Jackets')]]
2023-05-14 18:05:683 INFO  Womens_Jackets_Page :80 - Verify products are displayed in ascending order 
2023-05-14 18:05:187 INFO  HomePage :69 - Mouse hover on Men menu [[ChromeDriver: chrome on WINDOWS (aa4f03cd5480f303b93eae4ce9168e1d)] -> xpath: //a[@id='ui-id-5']]
2023-05-14 18:05:876 INFO  HomePage :76 - Mouse hover on Bottom [[ChromeDriver: chrome on WINDOWS (aa4f03cd5480f303b93eae4ce9168e1d)] -> xpath: //a[@id='ui-id-18']//span[contains(text(),'Bottoms')]]
2023-05-14 18:05:350 INFO  HomePage :83 - Click on Pant [[ChromeDriver: chrome on WINDOWS (aa4f03cd5480f303b93eae4ce9168e1d)] -> xpath: //a[@id='ui-id-23']//span[contains(text(),'Pants')]]
2023-05-14 18:05:743 INFO  MenPage :40 - Mouse hover on Cronus Yoga Pant [[ChromeDriver: chrome on WINDOWS (aa4f03cd5480f303b93eae4ce9168e1d)] -> xpath: //a[normalize-space()='Cronus Yoga Pant']]
2023-05-14 18:05:353 INFO  MenPage :47 - Click on size [[ChromeDriver: chrome on WINDOWS (aa4f03cd5480f303b93eae4ce9168e1d)] -> xpath: //div[@class='swatch-opt-880']//div[@id='option-label-size-143-item-175']]
2023-05-14 18:05:801 INFO  MenPage :54 - Click on Color [[ChromeDriver: chrome on WINDOWS (aa4f03cd5480f303b93eae4ce9168e1d)] -> xpath: //div[@class='swatch-opt-880']//div[@id='option-label-color-93-item-49']]
2023-05-14 18:05:317 INFO  MenPage :60 - Click on Add To Cart button [[ChromeDriver: chrome on WINDOWS (aa4f03cd5480f303b93eae4ce9168e1d)] -> xpath: //body[1]/div[1]/main[1]/div[3]/div[1]/div[3]/ol[1]/li[1]/div[1]/div[1]/div[3]/div[1]/div[1]/form[1]/button[1]/span[1]]
2023-05-14 18:05:89 INFO  MenPage :65 - Getting text AddToCart [[ChromeDriver: chrome on WINDOWS (aa4f03cd5480f303b93eae4ce9168e1d)] -> xpath: //div[@data-bind='html: $parent.prepareMessageForHtml(message.text)']]
2023-05-14 18:05:806 INFO  HomePage :47 - Mouse hover on WomenMenu [[ChromeDriver: chrome on WINDOWS (aac78492551b03e8047968452316ebb1)] -> xpath: //a[@id='ui-id-4']//span[contains(text(),'Women')]]
2023-05-14 18:05:992 INFO  HomePage :56 - Mouse hover on Tops [[ChromeDriver: chrome on WINDOWS (aac78492551b03e8047968452316ebb1)] -> xpath: //a[@id='ui-id-9']//span[contains(text(),'Tops')]]
2023-05-14 18:05:332 INFO  HomePage :62 - Click on jackets [[ChromeDriver: chrome on WINDOWS (aac78492551b03e8047968452316ebb1)] -> xpath: //a[@id='ui-id-11']//span[contains(text(),'Jackets')]]
2023-05-14 18:05:984 INFO  Womens_Jackets_Page :80 - Verify products are displayed in ascending order 
2023-05-14 19:05:667 INFO  HomePage :90 - Mouse hover on GearMenu[[ChromeDriver: chrome on WINDOWS (9ad863887d178e0fe6385cacd943b18b)] -> xpath: //a[@id='ui-id-6']//span[@class='ui-menu-icon ui-icon ui-icon-carat-1-e']]
2023-05-14 19:05:690 INFO  HomePage :96 - Click on bags [[ChromeDriver: chrome on WINDOWS (9ad863887d178e0fe6385cacd943b18b)] -> xpath: //span[normalize-space()='Bags']]
2023-05-14 19:05:673 INFO  GearPage :21 - Click on overnightDuffle product 
2023-05-14 19:05:475 INFO  OverNightDuffle :48 - Update quantity To 3
2023-05-14 19:05:766 INFO  OverNightDuffle :55 - Click On Add To Cart [[ChromeDriver: chrome on WINDOWS (9ad863887d178e0fe6385cacd943b18b)] -> xpath: //button[@id='product-addtocart-button']]
2023-05-14 19:05:120 INFO  OverNightDuffle :60 - Verify Text Add To Cart Text [[ChromeDriver: chrome on WINDOWS (9ad863887d178e0fe6385cacd943b18b)] -> xpath: //div[@data-bind='html: $parent.prepareMessageForHtml(message.text)']]
2023-05-14 19:05:104 INFO  OverNightDuffle :67 - Click on Shopping Cart [[ChromeDriver: chrome on WINDOWS (9ad863887d178e0fe6385cacd943b18b)] -> xpath: //a[normalize-space()='shopping cart']]
2023-05-14 19:05:336 INFO  HomePage :89 - Get text overnight Duffle  [[ChromeDriver: chrome on WINDOWS (9ad863887d178e0fe6385cacd943b18b)] -> xpath: //td[@class='col item']//a[normalize-space()='Overnight Duffle']]
2023-05-14 19:05:17 INFO  HomePage :95 - Get Qty [[ChromeDriver: chrome on WINDOWS (9ad863887d178e0fe6385cacd943b18b)] -> css selector: .input-text.qty]
2023-05-14 19:05:337 INFO  HomePage :102 - Get Product price [[ChromeDriver: chrome on WINDOWS (9ad863887d178e0fe6385cacd943b18b)] -> xpath: //span[@class='cart-price']//span[@class='price'][normalize-space()='$135.00']]
2023-05-14 19:05:552 INFO  HomePage :109 - Change quantity of overnight duffle  [[ChromeDriver: chrome on WINDOWS (9ad863887d178e0fe6385cacd943b18b)] -> css selector: .input-text.qty]
2023-05-14 19:05:808 INFO  HomePage :114 - Click on shopping cart [[ChromeDriver: chrome on WINDOWS (9ad863887d178e0fe6385cacd943b18b)] -> xpath: //span[normalize-space()='Update Shopping Cart']]
2023-05-14 19:05:149 INFO  HomePage :119 - Get Update Product Price [[ChromeDriver: chrome on WINDOWS (9ad863887d178e0fe6385cacd943b18b)] -> xpath: //span[@class='cart-price']//span[@class='price'][normalize-space()='$225.00']]
2023-05-14 19:05:165 INFO  HomePage :47 - Mouse hover on WomenMenu [[ChromeDriver: chrome on WINDOWS (037dd38855a613dd1fcf589b895ebbda)] -> xpath: //a[@id='ui-id-4']//span[contains(text(),'Women')]]
2023-05-14 19:05:388 INFO  HomePage :56 - Mouse hover on Tops [[ChromeDriver: chrome on WINDOWS (037dd38855a613dd1fcf589b895ebbda)] -> xpath: //a[@id='ui-id-9']//span[contains(text(),'Tops')]]
2023-05-14 19:05:401 INFO  HomePage :62 - Click on jackets [[ChromeDriver: chrome on WINDOWS (037dd38855a613dd1fcf589b895ebbda)] -> xpath: //a[@id='ui-id-11']//span[contains(text(),'Jackets')]]
2023-05-14 19:05:817 INFO  Womens_Jackets_Page :110 - Verify products are displayed in Low To High Order 
2023-05-14 19:05:56 INFO  HomePage :90 - Mouse hover on GearMenu[[ChromeDriver: chrome on WINDOWS (7b4e1b720c2ea988d1a8df66387e0030)] -> xpath: //a[@id='ui-id-6']//span[@class='ui-menu-icon ui-icon ui-icon-carat-1-e']]
2023-05-14 19:05:251 INFO  HomePage :96 - Click on bags [[ChromeDriver: chrome on WINDOWS (7b4e1b720c2ea988d1a8df66387e0030)] -> xpath: //span[normalize-space()='Bags']]
2023-05-14 19:05:473 INFO  GearPage :21 - Click on overnightDuffle product 
2023-05-14 19:05:716 INFO  OverNightDuffle :48 - Update quantity To 3
2023-05-14 19:05:917 INFO  OverNightDuffle :55 - Click On Add To Cart [[ChromeDriver: chrome on WINDOWS (7b4e1b720c2ea988d1a8df66387e0030)] -> xpath: //button[@id='product-addtocart-button']]
2023-05-14 19:05:391 INFO  OverNightDuffle :60 - Verify Text Add To Cart Text [[ChromeDriver: chrome on WINDOWS (7b4e1b720c2ea988d1a8df66387e0030)] -> xpath: //div[@data-bind='html: $parent.prepareMessageForHtml(message.text)']]
2023-05-14 19:05:633 INFO  OverNightDuffle :67 - Click on Shopping Cart [[ChromeDriver: chrome on WINDOWS (7b4e1b720c2ea988d1a8df66387e0030)] -> xpath: //a[normalize-space()='shopping cart']]
2023-05-14 19:05:851 INFO  HomePage :89 - Get text overnight Duffle  [[ChromeDriver: chrome on WINDOWS (7b4e1b720c2ea988d1a8df66387e0030)] -> xpath: //td[@class='col item']//a[normalize-space()='Overnight Duffle']]
2023-05-14 19:05:259 INFO  HomePage :95 - Get Qty [[ChromeDriver: chrome on WINDOWS (7b4e1b720c2ea988d1a8df66387e0030)] -> css selector: .input-text.qty]
2023-05-14 19:05:600 INFO  HomePage :102 - Get Product price [[ChromeDriver: chrome on WINDOWS (7b4e1b720c2ea988d1a8df66387e0030)] -> xpath: //span[@class='cart-price']//span[@class='price'][normalize-space()='$135.00']]
2023-05-14 19:05:100 INFO  HomePage :109 - Change quantity of overnight duffle  [[ChromeDriver: chrome on WINDOWS (7b4e1b720c2ea988d1a8df66387e0030)] -> css selector: .input-text.qty]
2023-05-14 19:05:226 INFO  HomePage :114 - Click on shopping cart [[ChromeDriver: chrome on WINDOWS (7b4e1b720c2ea988d1a8df66387e0030)] -> xpath: //span[normalize-space()='Update Shopping Cart']]
2023-05-14 19:05:867 INFO  HomePage :119 - Get Update Product Price [[ChromeDriver: chrome on WINDOWS (7b4e1b720c2ea988d1a8df66387e0030)] -> xpath: //span[@class='cart-price']//span[@class='price'][normalize-space()='$225.00']]
2023-05-14 19:05:319 INFO  HomePage :69 - Mouse hover on Men menu [[ChromeDriver: chrome on WINDOWS (014edda49aa1c4e8fb2c9588758f5293)] -> xpath: //a[@id='ui-id-5']]
2023-05-14 19:05:493 INFO  HomePage :76 - Mouse hover on Bottom [[ChromeDriver: chrome on WINDOWS (014edda49aa1c4e8fb2c9588758f5293)] -> xpath: //a[@id='ui-id-18']//span[contains(text(),'Bottoms')]]
2023-05-14 19:05:35 INFO  HomePage :83 - Click on Pant [[ChromeDriver: chrome on WINDOWS (014edda49aa1c4e8fb2c9588758f5293)] -> xpath: //a[@id='ui-id-23']//span[contains(text(),'Pants')]]
2023-05-14 19:05:930 INFO  MenPage :40 - Mouse hover on Cronus Yoga Pant [[ChromeDriver: chrome on WINDOWS (014edda49aa1c4e8fb2c9588758f5293)] -> xpath: //a[normalize-space()='Cronus Yoga Pant']]
2023-05-14 19:05:103 INFO  MenPage :47 - Click on size [[ChromeDriver: chrome on WINDOWS (014edda49aa1c4e8fb2c9588758f5293)] -> xpath: //div[@class='swatch-opt-880']//div[@id='option-label-size-143-item-175']]
2023-05-14 19:05:293 INFO  MenPage :54 - Click on Color [[ChromeDriver: chrome on WINDOWS (014edda49aa1c4e8fb2c9588758f5293)] -> xpath: //div[@class='swatch-opt-880']//div[@id='option-label-color-93-item-49']]
2023-05-14 19:05:527 INFO  MenPage :60 - Click on Add To Cart button [[ChromeDriver: chrome on WINDOWS (014edda49aa1c4e8fb2c9588758f5293)] -> xpath: //body[1]/div[1]/main[1]/div[3]/div[1]/div[3]/ol[1]/li[1]/div[1]/div[1]/div[3]/div[1]/div[1]/form[1]/button[1]/span[1]]
2023-05-14 19:05:833 INFO  MenPage :65 - Getting text AddToCart [[ChromeDriver: chrome on WINDOWS (014edda49aa1c4e8fb2c9588758f5293)] -> xpath: //div[@data-bind='html: $parent.prepareMessageForHtml(message.text)']]
2023-05-14 19:05:197 INFO  MenPage :73 - Click on shopping cart [[ChromeDriver: chrome on WINDOWS (014edda49aa1c4e8fb2c9588758f5293)] -> xpath: //a[normalize-space()='shopping cart']]
2023-05-14 19:05:386 INFO  HomePage :68 - Get message Shopping Cart[[ChromeDriver: chrome on WINDOWS (014edda49aa1c4e8fb2c9588758f5293)] -> xpath: //span[@class='base']]
2023-05-14 19:05:865 INFO  HomePage :73 - Get message CronusYogaPant text [[ChromeDriver: chrome on WINDOWS (014edda49aa1c4e8fb2c9588758f5293)] -> xpath: //td[@class='col item']//a[normalize-space()='Cronus Yoga Pant']]
2023-05-14 19:05:957 INFO  HomePage :78 - Get text size [[ChromeDriver: chrome on WINDOWS (014edda49aa1c4e8fb2c9588758f5293)] -> xpath: //dd[contains(text(),'32')]]
2023-05-14 19:05:36 INFO  HomePage :83 - Get text color [[ChromeDriver: chrome on WINDOWS (014edda49aa1c4e8fb2c9588758f5293)] -> xpath: //dd[contains(text(),'Black')]]
2023-05-14 19:05:363 INFO  HomePage :47 - Mouse hover on WomenMenu [[ChromeDriver: chrome on WINDOWS (b45c3657b30a387ae6cd8ea5f4d808a2)] -> xpath: //a[@id='ui-id-4']//span[contains(text(),'Women')]]
2023-05-14 19:05:577 INFO  HomePage :56 - Mouse hover on Tops [[ChromeDriver: chrome on WINDOWS (b45c3657b30a387ae6cd8ea5f4d808a2)] -> xpath: //a[@id='ui-id-9']//span[contains(text(),'Tops')]]
2023-05-14 19:05:928 INFO  HomePage :62 - Click on jackets [[ChromeDriver: chrome on WINDOWS (b45c3657b30a387ae6cd8ea5f4d808a2)] -> xpath: //a[@id='ui-id-11']//span[contains(text(),'Jackets')]]
2023-05-14 19:05:931 INFO  Womens_Jackets_Page :80 - Verify products are displayed in ascending order 
2023-05-14 19:05:854 INFO  HomePage :47 - Mouse hover on WomenMenu [[ChromeDriver: chrome on WINDOWS (74f54ae850098a8686bda92e55cb832a)] -> xpath: //a[@id='ui-id-4']//span[contains(text(),'Women')]]
2023-05-14 19:05:135 INFO  HomePage :56 - Mouse hover on Tops [[ChromeDriver: chrome on WINDOWS (74f54ae850098a8686bda92e55cb832a)] -> xpath: //a[@id='ui-id-9']//span[contains(text(),'Tops')]]
2023-05-14 19:05:555 INFO  HomePage :62 - Click on jackets [[ChromeDriver: chrome on WINDOWS (74f54ae850098a8686bda92e55cb832a)] -> xpath: //a[@id='ui-id-11']//span[contains(text(),'Jackets')]]
2023-05-14 19:05:112 INFO  Womens_Jackets_Page :110 - Verify products are displayed in Low To High Order 
2023-05-14 19:05:341 INFO  HomePage :69 - Mouse hover on Men menu [[ChromeDriver: chrome on WINDOWS (bba8c6bfd2e28b6f40e58bb7c0ecfbb0)] -> xpath: //a[@id='ui-id-5']]
2023-05-14 19:05:682 INFO  HomePage :76 - Mouse hover on Bottom [[ChromeDriver: chrome on WINDOWS (bba8c6bfd2e28b6f40e58bb7c0ecfbb0)] -> xpath: //a[@id='ui-id-18']//span[contains(text(),'Bottoms')]]
2023-05-14 19:05:472 INFO  HomePage :83 - Click on Pant [[ChromeDriver: chrome on WINDOWS (bba8c6bfd2e28b6f40e58bb7c0ecfbb0)] -> xpath: //a[@id='ui-id-23']//span[contains(text(),'Pants')]]
2023-05-14 19:05:721 INFO  MenPage :40 - Mouse hover on Cronus Yoga Pant [[ChromeDriver: chrome on WINDOWS (bba8c6bfd2e28b6f40e58bb7c0ecfbb0)] -> xpath: //a[normalize-space()='Cronus Yoga Pant']]
2023-05-14 19:05:924 INFO  MenPage :47 - Click on size [[ChromeDriver: chrome on WINDOWS (bba8c6bfd2e28b6f40e58bb7c0ecfbb0)] -> xpath: //div[@class='swatch-opt-880']//div[@id='option-label-size-143-item-175']]
2023-05-14 19:05:119 INFO  MenPage :54 - Click on Color [[ChromeDriver: chrome on WINDOWS (bba8c6bfd2e28b6f40e58bb7c0ecfbb0)] -> xpath: //div[@class='swatch-opt-880']//div[@id='option-label-color-93-item-49']]
2023-05-14 19:05:297 INFO  MenPage :60 - Click on Add To Cart button [[ChromeDriver: chrome on WINDOWS (bba8c6bfd2e28b6f40e58bb7c0ecfbb0)] -> xpath: //body[1]/div[1]/main[1]/div[3]/div[1]/div[3]/ol[1]/li[1]/div[1]/div[1]/div[3]/div[1]/div[1]/form[1]/button[1]/span[1]]
2023-05-14 19:05:635 INFO  MenPage :65 - Getting text AddToCart Proxy element for: DefaultElementLocator 'By.xpath: //div[@data-bind='html: $parent.prepareMessageForHtml(message.text)']'
2023-05-14 19:05:380 INFO  HomePage :47 - Mouse hover on WomenMenu [[ChromeDriver: chrome on WINDOWS (bfc2ee85c5baac927f285e8974e0744b)] -> xpath: //a[@id='ui-id-4']//span[contains(text(),'Women')]]
2023-05-14 19:05:641 INFO  HomePage :56 - Mouse hover on Tops [[ChromeDriver: chrome on WINDOWS (bfc2ee85c5baac927f285e8974e0744b)] -> xpath: //a[@id='ui-id-9']//span[contains(text(),'Tops')]]
2023-05-14 19:05:36 INFO  HomePage :62 - Click on jackets [[ChromeDriver: chrome on WINDOWS (bfc2ee85c5baac927f285e8974e0744b)] -> xpath: //a[@id='ui-id-11']//span[contains(text(),'Jackets')]]
2023-05-14 19:05:666 INFO  Womens_Jackets_Page :80 - Verify products are displayed in ascending order 
2023-05-14 19:05:467 INFO  HomePage :69 - Mouse hover on Men menu [[ChromeDriver: chrome on WINDOWS (665a25693021d632e53ec7a26dd9780e)] -> xpath: //a[@id='ui-id-5']]
2023-05-14 19:05:795 INFO  HomePage :76 - Mouse hover on Bottom [[ChromeDriver: chrome on WINDOWS (665a25693021d632e53ec7a26dd9780e)] -> xpath: //a[@id='ui-id-18']//span[contains(text(),'Bottoms')]]
2023-05-14 19:05:992 INFO  HomePage :83 - Click on Pant [[ChromeDriver: chrome on WINDOWS (665a25693021d632e53ec7a26dd9780e)] -> xpath: //a[@id='ui-id-23']//span[contains(text(),'Pants')]]
2023-05-14 19:05:703 INFO  MenPage :40 - Mouse hover on Cronus Yoga Pant [[ChromeDriver: chrome on WINDOWS (665a25693021d632e53ec7a26dd9780e)] -> xpath: //a[normalize-space()='Cronus Yoga Pant']]
2023-05-14 19:05:993 INFO  MenPage :47 - Click on size [[ChromeDriver: chrome on WINDOWS (665a25693021d632e53ec7a26dd9780e)] -> xpath: //div[@class='swatch-opt-880']//div[@id='option-label-size-143-item-175']]
2023-05-14 19:05:185 INFO  MenPage :54 - Click on Color [[ChromeDriver: chrome on WINDOWS (665a25693021d632e53ec7a26dd9780e)] -> xpath: //div[@class='swatch-opt-880']//div[@id='option-label-color-93-item-49']]
2023-05-14 19:05:549 INFO  MenPage :60 - Click on Add To Cart button [[ChromeDriver: chrome on WINDOWS (665a25693021d632e53ec7a26dd9780e)] -> xpath: //body[1]/div[1]/main[1]/div[3]/div[1]/div[3]/ol[1]/li[1]/div[1]/div[1]/div[3]/div[1]/div[1]/form[1]/button[1]/span[1]]
2023-05-14 19:05:252 INFO  MenPage :65 - Getting text AddToCart [[ChromeDriver: chrome on WINDOWS (665a25693021d632e53ec7a26dd9780e)] -> xpath: //div[@data-bind='html: $parent.prepareMessageForHtml(message.text)']]
2023-05-14 19:05:852 INFO  MenPage :73 - Click on shopping cart [[ChromeDriver: chrome on WINDOWS (665a25693021d632e53ec7a26dd9780e)] -> xpath: //a[normalize-space()='shopping cart']]
2023-05-14 19:05:213 INFO  HomePage :68 - Get message Shopping Cart[[ChromeDriver: chrome on WINDOWS (665a25693021d632e53ec7a26dd9780e)] -> xpath: //span[@class='base']]
2023-05-14 19:05:753 INFO  HomePage :73 - Get message CronusYogaPant text [[ChromeDriver: chrome on WINDOWS (665a25693021d632e53ec7a26dd9780e)] -> xpath: //td[@class='col item']//a[normalize-space()='Cronus Yoga Pant']]
2023-05-14 19:05:844 INFO  HomePage :78 - Get text size [[ChromeDriver: chrome on WINDOWS (665a25693021d632e53ec7a26dd9780e)] -> xpath: //dd[contains(text(),'32')]]
2023-05-14 19:05:899 INFO  HomePage :83 - Get text color [[ChromeDriver: chrome on WINDOWS (665a25693021d632e53ec7a26dd9780e)] -> xpath: //dd[contains(text(),'Black')]]
2023-05-14 19:05:751 INFO  HomePage :47 - Mouse hover on WomenMenu [[ChromeDriver: chrome on WINDOWS (88c08c6c597a55d5c42714d9b966efb0)] -> xpath: //a[@id='ui-id-4']//span[contains(text(),'Women')]]
2023-05-14 19:05:982 INFO  HomePage :56 - Mouse hover on Tops [[ChromeDriver: chrome on WINDOWS (88c08c6c597a55d5c42714d9b966efb0)] -> xpath: //a[@id='ui-id-9']//span[contains(text(),'Tops')]]
2023-05-14 19:05:167 INFO  HomePage :62 - Click on jackets [[ChromeDriver: chrome on WINDOWS (88c08c6c597a55d5c42714d9b966efb0)] -> xpath: //a[@id='ui-id-11']//span[contains(text(),'Jackets')]]
2023-05-14 19:05:914 INFO  Womens_Jackets_Page :80 - Verify products are displayed in ascending order 
2023-07-24 15:07:654 INFO  HomePage :90 - Mouse hover on GearMenu[[ChromeDriver: chrome on WINDOWS (6f26423acb9919d43ddd5cab0aab3028)] -> xpath: //a[@id='ui-id-6']//span[@class='ui-menu-icon ui-icon ui-icon-carat-1-e']]
2023-07-24 15:07:154 INFO  HomePage :96 - Click on bags [[ChromeDriver: chrome on WINDOWS (6f26423acb9919d43ddd5cab0aab3028)] -> xpath: //span[normalize-space()='Bags']]
2023-07-24 15:07:223 INFO  GearPage :21 - Click on overnightDuffle product 
2023-07-24 15:07:790 INFO  OverNightDuffle :48 - Update quantity To 3
2023-07-24 15:07:174 INFO  OverNightDuffle :55 - Click On Add To Cart [[ChromeDriver: chrome on WINDOWS (6f26423acb9919d43ddd5cab0aab3028)] -> xpath: //button[@id='product-addtocart-button']]
2023-07-24 15:07:632 INFO  OverNightDuffle :60 - Verify Text Add To Cart Text [[ChromeDriver: chrome on WINDOWS (6f26423acb9919d43ddd5cab0aab3028)] -> xpath: //div[@data-bind='html: $parent.prepareMessageForHtml(message.text)']]
2023-07-24 15:07:785 INFO  OverNightDuffle :67 - Click on Shopping Cart [[ChromeDriver: chrome on WINDOWS (6f26423acb9919d43ddd5cab0aab3028)] -> xpath: //a[normalize-space()='shopping cart']]
2023-07-24 15:07:07 INFO  HomePage :89 - Get text overnight Duffle  [[ChromeDriver: chrome on WINDOWS (6f26423acb9919d43ddd5cab0aab3028)] -> xpath: //td[@class='col item']//a[normalize-space()='Overnight Duffle']]
2023-07-24 15:07:840 INFO  HomePage :95 - Get Qty [[ChromeDriver: chrome on WINDOWS (6f26423acb9919d43ddd5cab0aab3028)] -> css selector: .input-text.qty]
2023-07-24 15:07:350 INFO  HomePage :102 - Get Product price [[ChromeDriver: chrome on WINDOWS (6f26423acb9919d43ddd5cab0aab3028)] -> xpath: //span[@class='cart-price']//span[@class='price'][normalize-space()='$135.00']]
2023-07-24 15:07:562 INFO  HomePage :109 - Change quantity of overnight duffle  [[ChromeDriver: chrome on WINDOWS (6f26423acb9919d43ddd5cab0aab3028)] -> css selector: .input-text.qty]
2023-07-24 15:07:773 INFO  HomePage :114 - Click on shopping cart [[ChromeDriver: chrome on WINDOWS (6f26423acb9919d43ddd5cab0aab3028)] -> xpath: //span[normalize-space()='Update Shopping Cart']]
2023-07-24 15:07:705 INFO  HomePage :119 - Get Update Product Price [[ChromeDriver: chrome on WINDOWS (6f26423acb9919d43ddd5cab0aab3028)] -> xpath: //span[@class='cart-price']//span[@class='price'][normalize-space()='$225.00']]
2023-07-24 15:07:884 INFO  HomePage :69 - Mouse hover on Men menu [[ChromeDriver: chrome on WINDOWS (af9db32742febeda6713e51b4e8347d9)] -> xpath: //a[@id='ui-id-5']]
2023-07-24 15:07:737 INFO  HomePage :47 - Mouse hover on WomenMenu [[ChromeDriver: chrome on WINDOWS (c48b5a40548e3bdcbdb05b8e87530c89)] -> xpath: //a[@id='ui-id-4']//span[contains(text(),'Women')]]
2023-07-24 15:07:136 INFO  HomePage :56 - Mouse hover on Tops [[ChromeDriver: chrome on WINDOWS (c48b5a40548e3bdcbdb05b8e87530c89)] -> xpath: //a[@id='ui-id-9']//span[contains(text(),'Tops')]]
2023-07-24 15:07:726 INFO  HomePage :62 - Click on jackets [[ChromeDriver: chrome on WINDOWS (c48b5a40548e3bdcbdb05b8e87530c89)] -> xpath: //a[@id='ui-id-11']//span[contains(text(),'Jackets')]]
2023-07-24 15:07:259 INFO  Womens_Jackets_Page :80 - Verify products are displayed in ascending order 
2023-07-24 15:07:421 INFO  HomePage :47 - Mouse hover on WomenMenu [[ChromeDriver: chrome on WINDOWS (2578aebdd4b7528494bb005367a4b1b2)] -> xpath: //a[@id='ui-id-4']//span[contains(text(),'Women')]]
2023-07-24 15:07:653 INFO  HomePage :56 - Mouse hover on Tops [[ChromeDriver: chrome on WINDOWS (2578aebdd4b7528494bb005367a4b1b2)] -> xpath: //a[@id='ui-id-9']//span[contains(text(),'Tops')]]
2023-07-24 15:07:957 INFO  HomePage :62 - Click on jackets [[ChromeDriver: chrome on WINDOWS (2578aebdd4b7528494bb005367a4b1b2)] -> xpath: //a[@id='ui-id-11']//span[contains(text(),'Jackets')]]
2023-07-24 15:07:620 INFO  Womens_Jackets_Page :110 - Verify products are displayed in Low To High Order 
2023-07-24 16:07:747 INFO  HomePage :72 - Mouse hover on Men menu [[ChromeDriver: chrome on WINDOWS (8f88eedcd0ffcac0edaa7161fce37de0)] -> xpath: //a[@id='ui-id-5']]
2023-07-24 16:07:926 INFO  HomePage :79 - Mouse hover on Bottom [[ChromeDriver: chrome on WINDOWS (8f88eedcd0ffcac0edaa7161fce37de0)] -> css selector: #ui-id-18 span]
2023-07-24 16:07:28 INFO  HomePage :86 - Click on Pant [[ChromeDriver: chrome on WINDOWS (8f88eedcd0ffcac0edaa7161fce37de0)] -> css selector: #ui-id-23 span]
2023-07-24 16:07:167 INFO  MenPage :40 - Mouse hover on Cronus Yoga Pant [[ChromeDriver: chrome on WINDOWS (8f88eedcd0ffcac0edaa7161fce37de0)] -> xpath: //a[normalize-space()='Cronus Yoga Pant']]
2023-07-24 16:07:236 INFO  MenPage :47 - Click on size [[ChromeDriver: chrome on WINDOWS (8f88eedcd0ffcac0edaa7161fce37de0)] -> xpath: //div[@class='swatch-opt-880']//div[@id='option-label-size-143-item-175']]
2023-07-24 16:07:312 INFO  MenPage :54 - Click on Color [[ChromeDriver: chrome on WINDOWS (8f88eedcd0ffcac0edaa7161fce37de0)] -> xpath: //div[@class='swatch-opt-880']//div[@id='option-label-color-93-item-49']]
2023-07-24 16:07:394 INFO  MenPage :60 - Click on Add To Cart button [[ChromeDriver: chrome on WINDOWS (8f88eedcd0ffcac0edaa7161fce37de0)] -> xpath: //body[1]/div[1]/main[1]/div[3]/div[1]/div[3]/ol[1]/li[1]/div[1]/div[1]/div[3]/div[1]/div[1]/form[1]/button[1]/span[1]]
2023-07-24 16:07:927 INFO  MenPage :65 - Getting text AddToCart [[ChromeDriver: chrome on WINDOWS (8f88eedcd0ffcac0edaa7161fce37de0)] -> xpath: //div[@data-bind='html: $parent.prepareMessageForHtml(message.text)']]
2023-07-24 16:07:801 INFO  MenPage :73 - Click on shopping cart [[ChromeDriver: chrome on WINDOWS (8f88eedcd0ffcac0edaa7161fce37de0)] -> xpath: //a[normalize-space()='shopping cart']]
2023-07-24 16:07:829 INFO  HomePage :68 - Get message Shopping Cart[[ChromeDriver: chrome on WINDOWS (8f88eedcd0ffcac0edaa7161fce37de0)] -> xpath: //span[@class='base']]
2023-07-24 16:07:859 INFO  HomePage :73 - Get message CronusYogaPant text [[ChromeDriver: chrome on WINDOWS (8f88eedcd0ffcac0edaa7161fce37de0)] -> xpath: //td[@class='col item']//a[normalize-space()='Cronus Yoga Pant']]
2023-07-24 16:07:884 INFO  HomePage :78 - Get text size [[ChromeDriver: chrome on WINDOWS (8f88eedcd0ffcac0edaa7161fce37de0)] -> xpath: //dd[contains(text(),'32')]]
2023-07-24 16:07:920 INFO  HomePage :83 - Get text color [[ChromeDriver: chrome on WINDOWS (8f88eedcd0ffcac0edaa7161fce37de0)] -> xpath: //dd[contains(text(),'Black')]]
2023-07-24 19:07:161 INFO  HomePage :72 - Mouse hover on Men menu [[ChromeDriver: chrome on WINDOWS (61c92bad4a523daaa2e6862e3698a346)] -> xpath: //a[@id='ui-id-5']]
2023-07-24 19:07:316 INFO  HomePage :79 - Mouse hover on Bottom [[ChromeDriver: chrome on WINDOWS (61c92bad4a523daaa2e6862e3698a346)] -> css selector: #ui-id-18 span]
2023-07-24 19:07:747 INFO  HomePage :86 - Click on Pant [[ChromeDriver: chrome on WINDOWS (61c92bad4a523daaa2e6862e3698a346)] -> css selector: #ui-id-23 span]
2023-07-24 19:07:109 INFO  MenPage :40 - Mouse hover on Cronus Yoga Pant [[ChromeDriver: chrome on WINDOWS (61c92bad4a523daaa2e6862e3698a346)] -> xpath: //a[normalize-space()='Cronus Yoga Pant']]
2023-07-24 19:07:259 INFO  MenPage :47 - Click on size [[ChromeDriver: chrome on WINDOWS (61c92bad4a523daaa2e6862e3698a346)] -> xpath: //div[@class='swatch-opt-880']//div[@id='option-label-size-143-item-175']]
2023-07-24 19:07:409 INFO  MenPage :54 - Click on Color [[ChromeDriver: chrome on WINDOWS (61c92bad4a523daaa2e6862e3698a346)] -> xpath: //div[@class='swatch-opt-880']//div[@id='option-label-color-93-item-49']]
2023-07-24 19:07:556 INFO  MenPage :60 - Click on Add To Cart button [[ChromeDriver: chrome on WINDOWS (61c92bad4a523daaa2e6862e3698a346)] -> xpath: //body[1]/div[1]/main[1]/div[3]/div[1]/div[3]/ol[1]/li[1]/div[1]/div[1]/div[3]/div[1]/div[1]/form[1]/button[1]/span[1]]
2023-07-24 19:07:631 INFO  MenPage :65 - Getting text AddToCart Proxy element for: DefaultElementLocator 'By.xpath: //div[@data-bind='html: $parent.prepareMessageForHtml(message.text)']'
2023-07-24 19:07:842 INFO  HomePage :93 - Mouse hover on GearMenu[[ChromeDriver: chrome on WINDOWS (b42afc05e5e6044ef6840ccd265f859e)] -> xpath: //a[@id='ui-id-6']//span[@class='ui-menu-icon ui-icon ui-icon-carat-1-e']]
2023-07-24 19:07:594 INFO  HomePage :99 - Click on bags [[ChromeDriver: chrome on WINDOWS (b42afc05e5e6044ef6840ccd265f859e)] -> xpath: //span[normalize-space()='Bags']]
2023-07-24 19:07:192 INFO  GearPage :21 - Click on overnightDuffle product 
2023-07-24 19:07:548 INFO  OverNightDuffle :48 - Update quantity To 3
2023-07-24 19:07:720 INFO  OverNightDuffle :55 - Click On Add To Cart [[ChromeDriver: chrome on WINDOWS (b42afc05e5e6044ef6840ccd265f859e)] -> xpath: //button[@id='product-addtocart-button']]
2023-07-24 19:07:131 INFO  OverNightDuffle :60 - Verify Text Add To Cart Text [[ChromeDriver: chrome on WINDOWS (b42afc05e5e6044ef6840ccd265f859e)] -> xpath: //div[@data-bind='html: $parent.prepareMessageForHtml(message.text)']]
2023-07-24 19:07:805 INFO  OverNightDuffle :67 - Click on Shopping Cart [[ChromeDriver: chrome on WINDOWS (b42afc05e5e6044ef6840ccd265f859e)] -> xpath: //a[normalize-space()='shopping cart']]
2023-07-24 19:07:855 INFO  HomePage :89 - Get text overnight Duffle  [[ChromeDriver: chrome on WINDOWS (b42afc05e5e6044ef6840ccd265f859e)] -> xpath: //td[@class='col item']//a[normalize-space()='Overnight Duffle']]
2023-07-24 19:07:50 INFO  HomePage :95 - Get Qty [[ChromeDriver: chrome on WINDOWS (b42afc05e5e6044ef6840ccd265f859e)] -> css selector: .input-text.qty]
2023-07-24 19:07:174 INFO  HomePage :102 - Get Product price [[ChromeDriver: chrome on WINDOWS (b42afc05e5e6044ef6840ccd265f859e)] -> xpath: //span[@class='cart-price']//span[@class='price'][normalize-space()='$135.00']]
2023-07-24 19:07:291 INFO  HomePage :109 - Change quantity of overnight duffle  [[ChromeDriver: chrome on WINDOWS (b42afc05e5e6044ef6840ccd265f859e)] -> css selector: .input-text.qty]
2023-07-24 19:07:404 INFO  HomePage :114 - Click on shopping cart [[ChromeDriver: chrome on WINDOWS (b42afc05e5e6044ef6840ccd265f859e)] -> xpath: //span[normalize-space()='Update Shopping Cart']]
2023-07-24 19:07:480 INFO  HomePage :119 - Get Update Product Price [[ChromeDriver: chrome on WINDOWS (b42afc05e5e6044ef6840ccd265f859e)] -> xpath: //span[@class='cart-price']//span[@class='price'][normalize-space()='$225.00']]
